<?xml version="1.0" encoding="UTF-8"?>
<!-- Generated by org.testng.reporters.JUnitReportReporter -->
<testsuite hostname="sravankumarc" failures="0" tests="1" name="zooManagementVisitorDetails.Visitor3" time="5.527" errors="0" timestamp="2022-12-02T15:09:04 IST" skipped="0">
  <testcase classname="zooManagementVisitorDetails.Visitor3" name="visitorDetails" time="5.527"/>
  <system-out/>
</testsuite> <!-- zooManagementVisitorDetails.Visitor3 -->
