<?xml version="1.0" encoding="UTF-8"?>
<!-- Generated by org.testng.reporters.JUnitReportReporter -->
<testsuite hostname="sravankumarc" failures="0" tests="1" name="addAnimals.AddSmallTigerTest" time="7.956" errors="0" timestamp="2022-12-20T15:12:10 IST" skipped="0">
  <testcase classname="addAnimals.AddSmallTigerTest" name="addSmallTiger" time="7.956"/>
  <system-out/>
</testsuite> <!-- addAnimals.AddSmallTigerTest -->
