<?xml version="1.0" encoding="UTF-8"?>
<!-- Generated by org.testng.reporters.JUnitReportReporter -->
<testsuite hostname="sravankumarc" failures="0" tests="1" name="zooManagementUsingPomClass.AddGirafee" time="19.928" errors="0" timestamp="2022-11-30T17:17:30 IST" skipped="0">
  <testcase classname="zooManagementUsingPomClass.AddGirafee" name="addGirafeetoAnimals" time="19.928"/>
  <system-out/>
</testsuite> <!-- zooManagementUsingPomClass.AddGirafee -->
