<?xml version="1.0" encoding="UTF-8"?>
<!-- Generated by org.testng.reporters.JUnitReportReporter -->
<testsuite hostname="sravankumarc" failures="0" tests="1" name="zooManagementUsingPomClass.AddAnimalsTest" time="10.522" errors="0" timestamp="2022-11-30T12:33:41 IST" skipped="0">
  <testcase classname="zooManagementUsingPomClass.AddAnimalsTest" name="addAnimals" time="10.522"/>
  <system-out/>
</testsuite> <!-- zooManagementUsingPomClass.AddAnimalsTest -->
