<?xml version="1.0" encoding="UTF-8"?>
<!-- Generated by org.testng.reporters.JUnitReportReporter -->
<testsuite hostname="sravankumarc" failures="0" tests="1" name="addAnimals.XmlfileTest" time="0.011" errors="0" timestamp="2022-12-14T21:21:51 IST" skipped="0">
  <testcase classname="addAnimals.XmlfileTest" name="readDataFromXml" time="0.011"/>
  <system-out/>
</testsuite> <!-- addAnimals.XmlfileTest -->
