<?xml version="1.0" encoding="UTF-8"?>
<!-- Generated by org.testng.reporters.JUnitReportReporter -->
<testsuite hostname="sravankumarc" failures="0" tests="1" name="zooManagementVisitorDetails.Visitor2" time="5.703" errors="0" timestamp="2022-12-02T14:53:57 IST" skipped="0">
  <testcase classname="zooManagementVisitorDetails.Visitor2" name="addVisitor2" time="5.703"/>
  <system-out/>
</testsuite> <!-- zooManagementVisitorDetails.Visitor2 -->
