<?xml version="1.0" encoding="UTF-8"?>
<!-- Generated by org.testng.reporters.JUnitReportReporter -->
<testsuite hostname="sravankumarc" failures="0" tests="1" name="addAnimals.AddBear1Test" time="2.995" errors="0" timestamp="2022-12-20T15:23:27 IST" skipped="0">
  <testcase classname="addAnimals.AddBear1Test" name="addBear" time="2.995"/>
  <system-out/>
</testsuite> <!-- addAnimals.AddBear1Test -->
