<?xml version="1.0" encoding="UTF-8"?>
<!-- Generated by org.testng.reporters.JUnitReportReporter -->
<testsuite hostname="sravankumarc" failures="0" tests="1" name="zooManagementForeignDetails.ForeignerVisotor3Test" time="5.306" errors="0" timestamp="2022-12-20T16:13:10 IST" skipped="0">
  <testcase classname="zooManagementForeignDetails.ForeignerVisotor3Test" name="foreigner1" time="5.306"/>
  <system-out/>
</testsuite> <!-- zooManagementForeignDetails.ForeignerVisotor3Test -->
