<?xml version="1.0" encoding="UTF-8"?>
<!-- Generated by org.testng.reporters.JUnitReportReporter -->
<testsuite hostname="sravankumarc" failures="0" tests="1" name="zooManagementForeignDetails.ForeignerVisitor2" time="2.911" errors="0" timestamp="2022-12-20T16:13:10 IST" skipped="0">
  <testcase classname="zooManagementForeignDetails.ForeignerVisitor2" name="foreignersVisitor" time="2.911"/>
  <system-out/>
</testsuite> <!-- zooManagementForeignDetails.ForeignerVisitor2 -->
