<?xml version="1.0" encoding="UTF-8"?>
<!-- Generated by org.testng.reporters.JUnitReportReporter -->
<testsuite hostname="sravankumarc" failures="0" tests="1" name="visitorDetails.Visitor2Test" time="7.176" errors="0" timestamp="2022-12-20T17:22:53 IST" skipped="0">
  <testcase classname="visitorDetails.Visitor2Test" name="visitor2" time="7.176"/>
  <system-out/>
</testsuite> <!-- visitorDetails.Visitor2Test -->
