<?xml version="1.0" encoding="UTF-8"?>
<!-- Generated by org.testng.reporters.JUnitReportReporter -->
<testsuite hostname="sravankumarc" failures="0" tests="1" name="visitorDetails.Visitor3Test" time="7.046" errors="0" timestamp="2022-12-20T17:22:53 IST" skipped="0">
  <testcase classname="visitorDetails.Visitor3Test" name="visitor3" time="7.046"/>
  <system-out/>
</testsuite> <!-- visitorDetails.Visitor3Test -->
