<?xml version="1.0" encoding="UTF-8"?>
<!-- Generated by org.testng.reporters.JUnitReportReporter -->
<testsuite hostname="sravankumarc" failures="0" tests="1" name="zooManagementUsingPomClass.AddSnowFox" time="7.213" errors="0" timestamp="2022-12-01T16:51:10 IST" skipped="0">
  <testcase classname="zooManagementUsingPomClass.AddSnowFox" name="addSnow" time="7.213"/>
  <system-out/>
</testsuite> <!-- zooManagementUsingPomClass.AddSnowFox -->
