<?xml version="1.0" encoding="UTF-8"?>
<!-- Generated by org.testng.reporters.JUnitReportReporter -->
<testsuite hostname="sravankumarc" failures="0" tests="1" name="zooManagementVisitorDetails.Visitor1" time="6.013" errors="0" timestamp="2022-12-02T13:06:48 IST" skipped="0">
  <testcase classname="zooManagementVisitorDetails.Visitor1" name="visitor1" time="6.013"/>
  <system-out/>
</testsuite> <!-- zooManagementVisitorDetails.Visitor1 -->
