<?xml version="1.0" encoding="UTF-8"?>
<!-- Generated by org.testng.reporters.JUnitReportReporter -->
<testsuite hostname="sravankumarc" failures="0" tests="1" name="zooManagementUsingPomClass.AddBearTest" time="8.324" errors="0" timestamp="2022-11-30T13:04:10 IST" skipped="0">
  <testcase classname="zooManagementUsingPomClass.AddBearTest" name="addBear" time="8.324"/>
  <system-out/>
</testsuite> <!-- zooManagementUsingPomClass.AddBearTest -->
