<?xml version="1.0" encoding="UTF-8"?>
<!-- Generated by org.testng.reporters.JUnitReportReporter -->
<testsuite hostname="sravankumarc" failures="0" tests="1" name="visitorDetails.Visitor1Test" time="5.918" errors="0" timestamp="2022-12-20T17:22:53 IST" skipped="0">
  <testcase classname="visitorDetails.Visitor1Test" name="visitor" time="5.918"/>
  <system-out/>
</testsuite> <!-- visitorDetails.Visitor1Test -->
