<?xml version="1.0" encoding="UTF-8"?>
<!-- Generated by org.testng.reporters.JUnitReportReporter -->
<testsuite hostname="sravankumarc" failures="0" tests="1" name="addAnimals.AddDog" time="2.988" errors="0" timestamp="2022-12-20T15:10:28 IST" skipped="0">
  <testcase classname="addAnimals.AddDog" name="addingDog" time="2.988"/>
  <system-out/>
</testsuite> <!-- addAnimals.AddDog -->
