<?xml version="1.0" encoding="UTF-8"?>
<!-- Generated by org.testng.reporters.JUnitReportReporter -->
<testsuite hostname="sravankumarc" failures="0" tests="1" name="zooManagementForeignDetails.ForeignVisitor1Test" time="2.560" errors="0" timestamp="2022-12-12T15:00:27 IST" skipped="0">
  <testcase classname="zooManagementForeignDetails.ForeignVisitor1Test" name="foreignVisitor1" time="2.560"/>
  <system-out/>
</testsuite> <!-- zooManagementForeignDetails.ForeignVisitor1Test -->
