<?xml version="1.0" encoding="UTF-8"?>
<!-- Generated by org.testng.reporters.JUnitReportReporter -->
<testsuite hostname="sravankumarc" failures="0" tests="1" name="zooManagementUsingPomClass.AddDeer" time="19.297" errors="0" timestamp="2022-11-30T17:39:42 IST" skipped="0">
  <testcase classname="zooManagementUsingPomClass.AddDeer" name="addDeer" time="19.297"/>
  <system-out/>
</testsuite> <!-- zooManagementUsingPomClass.AddDeer -->
